read_config_file :  IV : mklmsncxjbsucyds
read_config_file :  port : 6062
read_password_file :  longtimeSharedkey_cb : e34b012a5c72e0a9fe77ef4e2dca1ed
Receiver Thread : Receiver Started .........
Receiver Thread : Received a Message : 
Sender :Client Msg_type :Hello_Msg Cipher :[B@4a8e836c
set_msg : Dumping msg from receiver to syncmsg
set_msg : Leaving set_msg
get_msg : Received msg from syncmsgs: 
---------------------------------------------------------------------
Broker : Client msg_type : Hello_Msg cipher : [B@4a8e836c
---------------------------------------------------------------------
Broker Thread : received msg is :Hello paypal
Broker Thread : Sending random_no : 91
read_config_file :  port : 6062
read_config_file :  client : net01.utdallas.edu
-------------------------------------------------------------
Broker Thread : Message sent to host : client hostname :net01.utdallas.edu
Broker Thread : Sent Message is :
sender : Broker msg_type : Challenge_Msg cipher : [B@682ea741
-------------------------------------------------------------
Receiver Thread : Received a Message : 
Sender :Client Msg_type :Challenge_Msg Cipher :[B@3c09ff77
set_msg : Dumping msg from receiver to syncmsg
set_msg : Leaving set_msg
get_msg : Received msg from syncmsgs: 
---------------------------------------------------------------------
Broker : Client msg_type : Challenge_Msg cipher : [B@3c09ff77
---------------------------------------------------------------------
Broker Thread : After decryption, received msg is :92
Broker Thread : Sending session key : javax.crypto.spec.SecretKeySpec@fffe87a7
read_config_file :  port : 6062
read_config_file :  client : net01.utdallas.edu
-------------------------------------------------------------
Broker Thread : Message sent to host : client hostname :net01.utdallas.edu
Broker Thread : Sent Message is :
sender : Broker msg_type : BC_Session_Key cipher : [B@4eaa3152
-------------------------------------------------------------
Receiver Thread : Received a Message : 
Sender :Client Msg_type :Connect_Msg Cipher :[B@7e49a1c5
set_msg : Dumping msg from receiver to syncmsg
set_msg : Leaving set_msg
get_msg : Received msg from syncmsgs: 
---------------------------------------------------------------------
Broker : Client msg_type : Connect_Msg cipher : [B@7e49a1c5
---------------------------------------------------------------------
Broker Thread : After decryption, received msg is :Connect me to amazon
read_password_file :  longtimeSharedKey_bw : 5c8452a78e17996e10925642e15c58d5
Broker : Sending message :Hello amazon
read_config_file :  port : 6062
read_config_file :  amazon : net03.utdallas.edu
-------------------------------------------------------------
Broker Thread : Message sent to host : amazon hostname :net03.utdallas.edu
Broker Thread : Sent Message is :
sender : Broker msg_type : Hellomsg cipher : [B@2d427def
-------------------------------------------------------------
Receiver Thread : Received a Message : 
Sender :Webserver Msg_type :WB_Session_Key Cipher :[B@52052438
set_msg : Dumping msg from receiver to syncmsg
set_msg : Leaving set_msg
get_msg : Received msg from syncmsgs: 
---------------------------------------------------------------------
Broker : Webserver msg_type : WB_Session_Key cipher : [B@52052438
---------------------------------------------------------------------
Broker Thread : After decryption, received wb is :javax.crypto.spec.SecretKeySpec@17961
read_config_file :  port : 6062
read_config_file :  client : net01.utdallas.edu
-------------------------------------------------------------
Broker Thread : Message sent to host : client hostname :net01.utdallas.edu
Broker Thread : Sent Message is :
sender : Broker msg_type : Connection_Established_With_WebServer cipher : null
-------------------------------------------------------------
Receiver Thread : Received a Message : 
Sender :Client Msg_type :CW_Session_Key Cipher :[B@1cb2e0be
set_msg : Dumping msg from receiver to syncmsg
set_msg : Leaving set_msg
get_msg : Received msg from syncmsgs: 
---------------------------------------------------------------------
Broker : Client msg_type : CW_Session_Key cipher : [B@1cb2e0be
---------------------------------------------------------------------
Broker Thread : received msg type :CW_Session_Key needs to be forwarded
read_config_file :  port : 6062
read_config_file :  amazon : net03.utdallas.edu
-------------------------------------------------------------
Broker Thread : Message sent to host : amazon hostname :net03.utdallas.edu
Broker Thread : Sent Message is :
sender : Broker msg_type : Forwardmsg cipher : [B@1cb2e0be
-------------------------------------------------------------
Receiver Thread : Received a Message : 
Sender :Webserver Msg_type :Catalogforward Cipher :[B@21801b
set_msg : Dumping msg from receiver to syncmsg
set_msg : Leaving set_msg
get_msg : Received msg from syncmsgs: 
---------------------------------------------------------------------
Broker : Webserver msg_type : Catalogforward cipher : [B@21801b
---------------------------------------------------------------------
Broker Thread : received msg type :Catalogforward needs to be forwarded
read_config_file :  port : 6062
read_config_file :  client : net01.utdallas.edu
-------------------------------------------------------------
Broker Thread : Message sent to host : client hostname :net01.utdallas.edu
Broker Thread : Sent Message is :
sender : Broker msg_type : Catalogue_Msg cipher : [B@21801b
-------------------------------------------------------------
Receiver Thread : Received a Message : 
Sender :Client Msg_type :Request_Product Cipher :[B@51de0b09
set_msg : Dumping msg from receiver to syncmsg
set_msg : Leaving set_msg
get_msg : Received msg from syncmsgs: 
---------------------------------------------------------------------
Broker : Client msg_type : Request_Product cipher : [B@51de0b09
---------------------------------------------------------------------
Broker Thread : received msg type :Request_Product needs to be forwarded
read_config_file :  port : 6062
read_config_file :  amazon : net03.utdallas.edu
-------------------------------------------------------------
Broker Thread : Message sent to host : amazon hostname :net03.utdallas.edu
Broker Thread : Sent Message is :
sender : Broker msg_type : Itemrequest cipher : [B@51de0b09
-------------------------------------------------------------
Receiver Thread : Received a Message : 
Sender :Client Msg_type :Pay_For_Product Cipher :[B@15ec68e9
set_msg : Dumping msg from receiver to syncmsg
set_msg : Leaving set_msg
get_msg : Received msg from syncmsgs: 
---------------------------------------------------------------------
Broker : Client msg_type : Pay_For_Product cipher : [B@15ec68e9
---------------------------------------------------------------------
Broker Thread : After decryption, received msg is :Pay web server $20
read_password_file :  credit_amount : 100
read_config_file :  port : 6062
read_config_file :  amazon : net03.utdallas.edu
-------------------------------------------------------------
Broker Thread : Message sent to host : amazon hostname :net03.utdallas.edu
Broker Thread : Sent Message is :
sender : Broker msg_type : Paymentconfirmation cipher : [B@78fbcbcd
-------------------------------------------------------------
read_config_file :  port : 6062
read_config_file :  client : net01.utdallas.edu
-------------------------------------------------------------
Broker Thread : Message sent to host : client hostname :net01.utdallas.edu
Broker Thread : Sent Message is :
sender : Broker msg_type : Sign_Document cipher : [B@46e337b2
-------------------------------------------------------------
Receiver Thread : Received a Message : 
Sender :Client Msg_type :Signed_Document Cipher :[B@1d40b47a
set_msg : Dumping msg from receiver to syncmsg
set_msg : Leaving set_msg
get_msg : Received msg from syncmsgs: 
---------------------------------------------------------------------
Broker : Client msg_type : Signed_Document cipher : [B@1d40b47a
---------------------------------------------------------------------
Broker Thread :  Received Signed document
read_password_file :  PublicKey Modulus : 19799366950186382951544293613885567529094990528462259718397546017270452406847685570253392356115605353418239158303490041332246859745899381323697083140846920197342509705132088062941202998833675304956138832628453336139973977043127067221726687362880051069204837509362074007163468624975283514112664823531586480655934656881394707397759990474979265166059325655712980173951829722560031791054590683095202841872132117764508535796689869314791545925894072905229583440972205431422607212840213222450775097367786347820919350803506977013460981025667063153915997116795108011738406925444469555398747416484109841283195621461805579963683
read_password_file :  PublicKey Exponent : 65537
Receiver Thread : Received a Message : 
Sender :Webserver Msg_type :Transcation_Failed Cipher :[B@65640941
set_msg : Dumping msg from receiver to syncmsg
set_msg : Leaving set_msg
get_msg : Received msg from syncmsgs: 
---------------------------------------------------------------------
Broker : Webserver msg_type : Transcation_Failed cipher : [B@65640941
---------------------------------------------------------------------
Broker Thread : received msg type :Transcation_Failed needs to be forwarded
read_config_file :  port : 6062
read_config_file :  client : net01.utdallas.edu
-------------------------------------------------------------
Broker Thread : Message sent to host : client hostname :net01.utdallas.edu
Broker Thread : Sent Message is :
sender : Broker msg_type : Transaction_Failed cipher : [B@65640941
-------------------------------------------------------------
